<?xml version="1.0" encoding="UTF-8"?>
<!-- Generated by org.testng.reporters.JUnitXMLReporter -->
<testsuite ignored="2" hostname="LAPTOP-9T96KVR7" failures="0" tests="0" time="0.017" errors="0" timestamp="2023-05-06T02:14:46 BST">
  <testcase classname="hemakumar.tests.ErrorValidationsTest" name="LoginErrorValidation" time="0.0">
    <ignored/>
  </testcase> <!-- LoginErrorValidation -->
  <testcase classname="hemakumar.tests.ErrorValidationsTest" name="ProductErrorValidation" time="0.0">
    <ignored/>
  </testcase> <!-- ProductErrorValidation -->
</testsuite>
