<?xml version="1.0" encoding="UTF-8"?>
<!-- Generated by org.testng.reporters.JUnitXMLReporter -->
<testsuite ignored="1" hostname="LAPTOP-9T96KVR7" failures="0" tests="2" name="Submit Order Test" time="15.572" errors="0" timestamp="2023-05-06T02:15:02 BST">
  <testcase classname="hemakumar.tests.SubmitOrderTest" name="submitOrder" time="3.27"/>
  <testcase classname="hemakumar.tests.SubmitOrderTest" name="submitOrder" time="3.351"/>
  <testcase classname="hemakumar.tests.SubmitOrderTest" name="OrderHistoryTest" time="0.0">
    <ignored/>
  </testcase> <!-- OrderHistoryTest -->
</testsuite> <!-- Submit Order Test -->
