<?xml version="1.0" encoding="UTF-8"?>
<testng-results ignored="3" total="5" passed="2" failed="0" skipped="0">
  <reporter-output>
  </reporter-output>
  <suite started-at="2023-05-06T02:14:46 BST" name="Suite" finished-at="2023-05-06T02:15:02 BST" duration-ms="15572">
    <groups>
      <group name="Purchase">
        <method signature="SubmitOrderTest.submitOrder(java.util.HashMap)[pri:0, instance:hemakumar.tests.SubmitOrderTest@7188af83]" name="submitOrder" class="hemakumar.tests.SubmitOrderTest"/>
      </group> <!-- Purchase -->
    </groups>
    <test started-at="2023-05-06T02:14:46 BST" name="Error Validations Test" finished-at="2023-05-06T02:14:46 BST" duration-ms="17">
    </test> <!-- Error Validations Test -->
    <test started-at="2023-05-06T02:14:46 BST" name="Submit Order Test" finished-at="2023-05-06T02:15:02 BST" duration-ms="15572">
      <class name="hemakumar.tests.SubmitOrderTest">
        <test-method is-config="true" signature="launchApplication()[pri:0, instance:hemakumar.tests.SubmitOrderTest@7188af83]" started-at="2023-05-06T02:14:47 BST" name="launchApplication" finished-at="2023-05-06T02:14:51 BST" duration-ms="4472" status="PASS">
          <reporter-output>
          </reporter-output>
        </test-method> <!-- launchApplication -->
        <test-method signature="submitOrder(java.util.HashMap)[pri:0, instance:hemakumar.tests.SubmitOrderTest@7188af83]" started-at="2023-05-06T02:14:51 BST" name="submitOrder" data-provider="getData" finished-at="2023-05-06T02:14:54 BST" duration-ms="3270" status="PASS">
          <params>
            <param index="0">
              <value>
                <![CDATA[{password=Hema2302*, product=ZARA COAT 3, email=hemakumar.1986@gmail.com}]]>
              </value>
            </param>
          </params>
          <reporter-output>
          </reporter-output>
        </test-method> <!-- submitOrder -->
        <test-method is-config="true" signature="tearDown()[pri:0, instance:hemakumar.tests.SubmitOrderTest@7188af83]" started-at="2023-05-06T02:14:54 BST" name="tearDown" finished-at="2023-05-06T02:14:54 BST" duration-ms="85" status="PASS">
          <reporter-output>
          </reporter-output>
        </test-method> <!-- tearDown -->
        <test-method is-config="true" signature="launchApplication()[pri:0, instance:hemakumar.tests.SubmitOrderTest@7188af83]" started-at="2023-05-06T02:14:54 BST" name="launchApplication" finished-at="2023-05-06T02:14:59 BST" duration-ms="4117" status="PASS">
          <reporter-output>
          </reporter-output>
        </test-method> <!-- launchApplication -->
        <test-method signature="submitOrder(java.util.HashMap)[pri:0, instance:hemakumar.tests.SubmitOrderTest@7188af83]" started-at="2023-05-06T02:14:59 BST" name="submitOrder" data-provider="getData" finished-at="2023-05-06T02:15:02 BST" duration-ms="3351" status="PASS">
          <params>
            <param index="0">
              <value>
                <![CDATA[{password=Hema2302*, product=ADIDAS ORIGINAL, email=hemakumar.1986@gmail.com}]]>
              </value>
            </param>
          </params>
          <reporter-output>
          </reporter-output>
        </test-method> <!-- submitOrder -->
        <test-method is-config="true" signature="tearDown()[pri:0, instance:hemakumar.tests.SubmitOrderTest@7188af83]" started-at="2023-05-06T02:15:02 BST" name="tearDown" finished-at="2023-05-06T02:15:02 BST" duration-ms="78" status="PASS">
          <reporter-output>
          </reporter-output>
        </test-method> <!-- tearDown -->
      </class> <!-- hemakumar.tests.SubmitOrderTest -->
    </test> <!-- Submit Order Test -->
  </suite> <!-- Suite -->
</testng-results>
